<?xml version="1.0" encoding="UTF-8"?>
<!-- Generated by org.testng.reporters.JUnitReportReporter -->
<testsuite hostname="LAPTOP-BMAU1FUL" failures="0" tests="1" name="Sqlconnection.DatabaseUtils" time="0.498" errors="0" timestamp="2021-04-29T13:40:25 IST" skipped="0">
  <testcase classname="Sqlconnection.DatabaseUtils" name="ExecuteUpdate" time="0.498"/>
  <system-out/>
</testsuite> <!-- Sqlconnection.DatabaseUtils -->
