<?xml version="1.0" encoding="UTF-8"?>
<!-- Generated by org.testng.reporters.JUnitReportReporter -->
<testsuite hostname="LAPTOP-BMAU1FUL" failures="0" tests="1" name="practice.ddt.CreateOppusingProperties" time="31.891" errors="0" timestamp="2021-04-29T13:02:24 IST" skipped="0">
  <testcase classname="practice.ddt.CreateOppusingProperties" name="createOppusingProperties" time="31.891"/>
  <system-out/>
</testsuite> <!-- practice.ddt.CreateOppusingProperties -->
