<?xml version="1.0" encoding="UTF-8"?>
<!-- Generated by org.testng.reporters.JUnitReportReporter -->
<testsuite hostname="LAPTOP-BMAU1FUL" failures="0" tests="1" name="practice.ddt.CreateCustomerTest" time="0.023" errors="0" timestamp="2021-04-26T15:06:04 IST" skipped="0">
  <testcase classname="practice.ddt.CreateCustomerTest" name="createCustomerText" time="0.023"/>
  <system-out/>
</testsuite> <!-- practice.ddt.CreateCustomerTest -->
