<?xml version="1.0" encoding="UTF-8"?>
<!-- Generated by org.testng.reporters.JUnitReportReporter -->
<testsuite hostname="LAPTOP-BMAU1FUL" failures="0" tests="1" name="com.crm.vtigerAllocatedTests.CreateOpportunitywithOrganizationTest" time="27.559" errors="0" timestamp="2021-04-28T23:10:41 IST" skipped="0">
  <testcase classname="com.crm.vtigerAllocatedTests.CreateOpportunitywithOrganizationTest" name="createOpportunitywithOrganization" time="27.559"/>
  <system-out/>
</testsuite> <!-- com.crm.vtigerAllocatedTests.CreateOpportunitywithOrganizationTest -->
