<?xml version="1.0" encoding="UTF-8"?>
<!-- Generated by org.testng.reporters.JUnitReportReporter -->
<testsuite hostname="LAPTOP-BMAU1FUL" failures="0" tests="1" name="com.crm.vtigerTests.ContactMailMergeTest" time="31.159" errors="0" timestamp="2021-04-29T01:08:19 IST" skipped="0">
  <testcase classname="com.crm.vtigerTests.ContactMailMergeTest" name="createMailMergeTest" time="31.159"/>
  <system-out/>
</testsuite> <!-- com.crm.vtigerTests.ContactMailMergeTest -->
