<?xml version="1.0" encoding="UTF-8"?>
<!-- Generated by org.testng.reporters.JUnitReportReporter -->
<testsuite hostname="LAPTOP-BMAU1FUL" failures="0" tests="1" name="com.crm.vtigerTests.CreateopportunitywithContactTest" time="26.015" errors="0" timestamp="2021-04-29T00:49:25 IST" skipped="0">
  <testcase classname="com.crm.vtigerTests.CreateopportunitywithContactTest" name="createOpportunitywithContactTest" time="26.015"/>
  <system-out/>
</testsuite> <!-- com.crm.vtigerTests.CreateopportunitywithContactTest -->
