<?xml version="1.0" encoding="UTF-8"?>
<!-- Generated by org.testng.reporters.JUnitReportReporter -->
<testsuite hostname="LAPTOP-BMAU1FUL" failures="0" tests="1" name="com.crm.vtiger.GenericUtils.JavaUtility" time="0.007" errors="0" timestamp="2021-04-28T14:47:39 IST" skipped="0">
  <testcase classname="com.crm.vtiger.GenericUtils.JavaUtility" name="getRandomData" time="0.007"/>
  <system-out/>
</testsuite> <!-- com.crm.vtiger.GenericUtils.JavaUtility -->
