<?xml version="1.0" encoding="UTF-8"?>
<!-- Generated by org.testng.reporters.JUnitReportReporter -->
<testsuite hostname="LAPTOP-BMAU1FUL" failures="0" tests="1" name="com.crm.vtigerTests.CreateOrganizationwithIndustry" time="24.065" errors="0" timestamp="2021-04-28T12:48:15 IST" skipped="0">
  <testcase classname="com.crm.vtigerTests.CreateOrganizationwithIndustry" name="createOrganizationwithIndustry" time="24.065"/>
  <system-out/>
</testsuite> <!-- com.crm.vtigerTests.CreateOrganizationwithIndustry -->
