<?xml version="1.0" encoding="UTF-8"?>
<!-- Generated by org.testng.reporters.JUnitReportReporter -->
<testsuite hostname="LAPTOP-BMAU1FUL" failures="0" tests="1" name="Sqlconnection.CaptureDynamicWebtable" time="15.004" errors="0" timestamp="2021-04-27T14:21:12 IST" skipped="0">
  <testcase classname="Sqlconnection.CaptureDynamicWebtable" name="captureOrgName" time="15.004"/>
  <system-out/>
</testsuite> <!-- Sqlconnection.CaptureDynamicWebtable -->
