<?xml version="1.0" encoding="UTF-8"?>
<!-- Generated by org.testng.reporters.JUnitReportReporter -->
<testsuite hostname="LAPTOP-BMAU1FUL" failures="0" tests="1" name="com.crm.vtigerAllocatedTests.CreateOpportunityTest" time="53.103" errors="0" timestamp="2021-04-28T22:41:39 IST" skipped="0">
  <testcase classname="com.crm.vtigerAllocatedTests.CreateOpportunityTest" name="createOpportunityTest" time="53.103"/>
  <system-out/>
</testsuite> <!-- com.crm.vtigerAllocatedTests.CreateOpportunityTest -->
