<?xml version="1.0" encoding="UTF-8"?>
<!-- Generated by org.testng.reporters.JUnitReportReporter -->
<testsuite hostname="LAPTOP-BMAU1FUL" failures="0" tests="1" name="Sqlconnection.Assignment1" time="0.211" errors="0" timestamp="2021-04-26T16:30:26 IST" skipped="0">
  <testcase classname="Sqlconnection.Assignment1" name="ExecuteQuery" time="0.211"/>
  <system-out/>
</testsuite> <!-- Sqlconnection.Assignment1 -->
