<?xml version="1.0" encoding="UTF-8"?>
<!-- Generated by org.testng.reporters.JUnitReportReporter -->
<testsuite hostname="LAPTOP-BMAU1FUL" failures="0" tests="1" name="com.crm.vtigerAllocatedTests.TC_01_CreateOpportunityTest" time="38.179" errors="0" timestamp="2021-05-12T14:41:40 IST" skipped="0">
  <testcase classname="com.crm.vtigerAllocatedTests.TC_01_CreateOpportunityTest" name="createOpportunityTest" time="38.179"/>
  <system-out/>
</testsuite> <!-- com.crm.vtigerAllocatedTests.TC_01_CreateOpportunityTest -->
