<?xml version="1.0" encoding="UTF-8"?>
<!-- Generated by org.testng.reporters.JUnitReportReporter -->
<testsuite hostname="LAPTOP-BMAU1FUL" failures="0" tests="1" name="Sqlconnection.captuOrg" time="19.900" errors="0" timestamp="2021-04-27T15:01:09 IST" skipped="0">
  <testcase classname="Sqlconnection.captuOrg" name="captureParticularData" time="19.900"/>
  <system-out/>
</testsuite> <!-- Sqlconnection.captuOrg -->
