<?xml version="1.0" encoding="UTF-8"?>
<!-- Generated by org.testng.reporters.JUnitReportReporter -->
<testsuite hostname="LAPTOP-BMAU1FUL" failures="0" tests="1" name="com.crm.vtigerTests.CreateOppwithMapOrgclearOrgTest" time="22.515" errors="0" timestamp="2021-04-29T00:58:11 IST" skipped="0">
  <testcase classname="com.crm.vtigerTests.CreateOppwithMapOrgclearOrgTest" name="createOppwithMapOrgclearOrgTest" time="22.515"/>
  <system-out/>
</testsuite> <!-- com.crm.vtigerTests.CreateOppwithMapOrgclearOrgTest -->
