<?xml version="1.0" encoding="UTF-8"?>
<!-- Generated by org.testng.reporters.JUnitReportReporter -->
<testsuite hostname="LAPTOP-BMAU1FUL" failures="0" tests="1" name="practice.ddt.CreateUserTest" time="0.001" errors="0" timestamp="2021-04-26T10:28:32 IST" skipped="0">
  <testcase classname="practice.ddt.CreateUserTest" name="createUserTest" time="0.001"/>
  <system-out/>
</testsuite> <!-- practice.ddt.CreateUserTest -->
