<?xml version="1.0" encoding="UTF-8"?>
<!-- Generated by org.testng.reporters.JUnitReportReporter -->
<testsuite hostname="LAPTOP-BMAU1FUL" failures="0" tests="1" name="Sqlconnection.Assignment2" time="25.512" errors="0" timestamp="2021-04-27T14:39:41 IST" skipped="0">
  <testcase classname="Sqlconnection.Assignment2" name="clickCheckBox" time="25.512"/>
  <system-out/>
</testsuite> <!-- Sqlconnection.Assignment2 -->
